<?xml version="1.0" encoding="UTF-8"?>
<beans xmlns="http://www.springframework.org/schema/beans"
       xmlns:xsi="http://www.w3.org/2001/XMLSchema-instance"
       xsi:schemaLocation="http://www.springframework.org/schema/beans http://www.springframework.org/schema/beans/spring-beans.xsd">

    <!--第三发MQ工厂-->
    <bean class="org.apache.activemq.ActiveMQConnectionFactory" id="activeMQConnectionFactory">
        <property name="brokerURL" value="tcp:192.168.18.212:61616"/>
        <property name="userName" value="wangjun"/>
        <property name="password" value="123456"/>
    </bean>
    <bean class="org.apache.activemq.pool.PooledConnectionFactory" id="pooledConnectionFactory">
        <property name="connectionFactory" ref="activeMQConnectionFactory"/>
        <property name="maxConnections" value="10"/>
    </bean>
    <!--spring用于管理真正的ConnectionFactory的ConnectionFactory-->
    <bean class="org.springframework.jms.connection.SingleConnectionFactory" id="connectionFactory">
        <property name="targetConnectionFactory" ref="pooledConnectionFactory"/>
    </bean>

    <!-- Spring提供的JMS工具类,它可以进行消息发送、接收等 -->
    <bean class="org.springframework.jms.core.JmsTemplate" id="jmsTemplate">
        <property name="connectionFactory" ref="connectionFactory" />
        <property name="defaultDestinationName" value="mailqueue"/>
    </bean>



</beans>